<?xml version="1.0" encoding="UTF-8"?>
<!-- Generated by org.testng.reporters.JUnitXMLReporter -->
<testsuite hostname="DESKTOP-B1O0VS9" ignored="0" name="Default test" tests="6" failures="0" timestamp="2020-10-31T12:50:31 MDT" time="77.259" errors="0">
  <testcase name="testMethodA" time="10.958" classname="parameters.DataProviderClasslevel_Test2"/>
  <testcase name="testMethodA" time="10.904" classname="parameters.DataProviderClasslevel_Test2"/>
  <testcase name="testMethodA" time="10.967" classname="parameters.DataProviderClasslevel_Test2"/>
  <testcase name="testMethodB" time="11.907" classname="parameters.DataProviderClasslevel_Test2"/>
  <testcase name="testMethodB" time="11.878" classname="parameters.DataProviderClasslevel_Test2"/>
  <testcase name="testMethodB" time="11.517" classname="parameters.DataProviderClasslevel_Test2"/>
</testsuite> <!-- Default test -->
