<?xml version="1.0" encoding="UTF-8"?>
<!-- Generated by org.testng.reporters.JUnitXMLReporter -->
<testsuite hostname="DESKTOP-B1O0VS9" ignored="4" name="TestA" tests="3" failures="1" timestamp="2020-06-30T11:40:14 MDT" time="19.153" errors="0">
  <testcase name="Pantry_linkTest" time="6.471" classname="suiteA.TestA1"/>
  <testcase name="VerifyTitle" time="5.54" classname="suiteA.TestA2"/>
  <testcase name="sell_linkTest" time="5.15" classname="suiteA.TestA3">
    <failure type="java.lang.AssertionError" message="Both links are not equal expected [Sell] but found [Sel]">
      <![CDATA[java.lang.AssertionError: Both links are not equal expected [Sell] but found [Sel]
at suiteA.TestA3.sell_linkTest(TestA3.java:30)
at java.util.ArrayList.forEach(ArrayList.java:1257)
... Removed 31 stack frames]]>
    </failure>
  </testcase> <!-- sell_linkTest -->
  <testcase name="@BeforeTest init" time="0.0" classname="MyMavenDemo.MavenDemo.BaseTest">
    <ignored/>
  </testcase> <!-- @BeforeTest init -->
  <testcase name="@BeforeTest init" time="0.0" classname="MyMavenDemo.MavenDemo.BaseTest">
    <ignored/>
  </testcase> <!-- @BeforeTest init -->
  <testcase name="@AfterTest cleanUp" time="0.0" classname="MyMavenDemo.MavenDemo.BaseTest">
    <ignored/>
  </testcase> <!-- @AfterTest cleanUp -->
  <testcase name="@AfterTest cleanUp" time="0.0" classname="MyMavenDemo.MavenDemo.BaseTest">
    <ignored/>
  </testcase> <!-- @AfterTest cleanUp -->
</testsuite> <!-- TestA -->
