<?xml version="1.0" encoding="UTF-8"?>
<!-- Generated by org.testng.reporters.JUnitXMLReporter -->
<testsuite hostname="DESKTOP-B1O0VS9" ignored="0" name="FirefoxResgressionTest" tests="3" failures="0" timestamp="2020-06-23T10:12:08 MDT" time="83.012" errors="0">
  <testcase name="RadioButtonFB" time="2.864" classname="MyMavenDemo.MavenDemo.TC_004"/>
  <testcase name="LinkTextFB" time="1.911" classname="MyMavenDemo.MavenDemo.TC_003"/>
  <testcase name="Demo_Test" time="3.251" classname="MyMavenDemo.MavenDemo.TC_002"/>
</testsuite> <!-- FirefoxResgressionTest -->
